<?xml version="1.0" encoding="UTF-8"?>
<testsuite name="com.example.pink_project.PinkProjectApplicationTests" tests="1" skipped="0" failures="0" errors="0" timestamp="2023-08-22T02:28:14" hostname="MacBook-Pro-de-Projeto.local" time="0.678">
  <properties/>
  <testcase name="contextLoads()" classname="com.example.pink_project.PinkProjectApplicationTests" time="0.678"/>
  <system-out><![CDATA[23:28:12.694 [Test worker] INFO org.springframework.test.context.support.AnnotationConfigContextLoaderUtils -- Could not detect default configuration classes for test class [com.example.pink_project.PinkProjectApplicationTests]: PinkProjectApplicationTests does not declare any static, non-private, non-final, nested classes annotated with @Configuration.
23:28:12.772 [Test worker] INFO org.springframework.boot.test.context.SpringBootTestContextBootstrapper -- Found @SpringBootConfiguration com.example.pink_project.PinkProjectApplication for test class com.example.pink_project.PinkProjectApplicationTests

  .   ____          _            __ _ _
 /\\ / ___'_ __ _ _(_)_ __  __ _ \ \ \ \
( ( )\___ | '_ | '_| | '_ \/ _` | \ \ \ \
 \\/  ___)| |_)| | | | | || (_| |  ) ) ) )
  '  |____| .__|_| |_|_| |_\__, | / / / /
 =========|_|==============|___/=/_/_/_/
 :: Spring Boot ::                (v3.1.2)

2023-08-21T23:28:13.118-03:00  INFO 85696 --- [    Test worker] c.e.p.PinkProjectApplicationTests        : Starting PinkProjectApplicationTests using Java 17.0.8 with PID 85696 (started by userapraxia in /Users/userapraxia/Downloads/pink_project)
2023-08-21T23:28:13.119-03:00  INFO 85696 --- [    Test worker] c.e.p.PinkProjectApplicationTests        : No active profile set, falling back to 1 default profile: "default"
2023-08-21T23:28:14.449-03:00  INFO 85696 --- [    Test worker] c.e.p.PinkProjectApplicationTests        : Started PinkProjectApplicationTests in 1.551 seconds (process running for 2.6)
]]></system-out>
  <system-err><![CDATA[]]></system-err>
</testsuite>
